#######################################################################################
### conda added to PATH. Use 'source activate' rather than 'conda activate'.        ###
### Do not run 'conda init' if prompted.                                            ###
### 'conda init' will modify your shell outside of the `module` environment         ###
#######################################################################################
W1211 13:12:03.819116  872713 cuda_executor.cc:1802] GPU interconnect information not available: INTERNAL: NVML doesn't support extracting fabric info or NVLink is not used by the device.
W1211 13:12:03.824412  872660 cuda_executor.cc:1802] GPU interconnect information not available: INTERNAL: NVML doesn't support extracting fabric info or NVLink is not used by the device.
Traceback (most recent call last):
  File "/home/fallah/scripts/ESMB/experiments/control_run.py", line 290, in <module>
    run_control(years=100.0)
  File "/home/fallah/scripts/ESMB/experiments/control_run.py", line 207, in run_control
    current_state, accumulated = run_one_month(current_state)
                                 ^^^^^^^^^^^^^^^^^^^^^^^^^^^^
  File "/home/fallah/scripts/ESMB/experiments/control_run.py", line 193, in run_one_month
    (final_s, final_acc), _ = jax.lax.scan(
                              ^^^^^^^^^^^^^
  File "/home/fallah/scripts/ESMB/experiments/control_run.py", line 178, in month_step_fn
    new_s = main.step_coupled(s, params, regridder)
            ^^^^^^^^^^^^^^^^^^^^^^^^^^^^^^^^^^^^^^^
  File "/home/fallah/scripts/ESMB/chronos_esm/main.py", line 299, in step_coupled
    (final_atmos_state, accumulated_fluxes), _ = jax.lax.scan(
                                                 ^^^^^^^^^^^^^
  File "/home/fallah/scripts/ESMB/chronos_esm/main.py", line 201, in atmos_land_step
    sw_down=sw_down_proxy,
            ^^^^^^^^^^^^^
NameError: name 'sw_down_proxy' is not defined
--------------------
For simplicity, JAX has removed its internal frames from the traceback of the following exception. Set JAX_TRACEBACK_FILTERING=off to include these.
