W0106 14:33:55.353983 4166010 cuda_executor.cc:1802] GPU interconnect information not available: INTERNAL: NVML doesn't support extracting fabric info or NVLink is not used by the device.
W0106 14:33:55.358957 4166002 cuda_executor.cc:1802] GPU interconnect information not available: INTERNAL: NVML doesn't support extracting fabric info or NVLink is not used by the device.
Traceback (most recent call last):
  File "/home/fallah/scripts/ESMB/experiments/control_run.py", line 340, in <module>
    run_control(
  File "/home/fallah/scripts/ESMB/experiments/control_run.py", line 250, in run_control
    current_state, accumulated = run_one_month(current_state)
                                 ^^^^^^^^^^^^^^^^^^^^^^^^^^^^
  File "/home/fallah/scripts/ESMB/experiments/control_run.py", line 236, in run_one_month
    (final_s, final_acc), _ = jax.lax.scan(
                              ^^^^^^^^^^^^^
  File "/home/fallah/scripts/ESMB/experiments/control_run.py", line 221, in month_step_fn
    new_s = main.step_coupled(s, params, regridder, r_drag=r_drag, kappa_gm=kappa_gm, kappa_h=kappa_h, kappa_bi=kappa_bi, Ah=Ah) # Use passed parameters
            ^^^^^^^^^^^^^^^^^^^^^^^^^^^^^^^^^^^^^^^^^^^^^^^^^^^^^^^^^^^^^^^^^^^^^^^^^^^^^^^^^^^^^^^^^^^^^^^^^^^^^^^^^^^^^^^^^^^^
  File "/home/fallah/scripts/ESMB/chronos_esm/main.py", line 400, in step_coupled
    new_ocean = ocean_driver.step_ocean(
                ^^^^^^^^^^^^^^^^^^^^^^^^
  File "/home/fallah/scripts/ESMB/chronos_esm/ocean/veros_driver.py", line 244, in step_ocean
    lap_u = compute_laplacian_operator(u_new)
            ^^^^^^^^^^^^^^^^^^^^^^^^^^
UnboundLocalError: cannot access local variable 'compute_laplacian_operator' where it is not associated with a value
--------------------
For simplicity, JAX has removed its internal frames from the traceback of the following exception. Set JAX_TRACEBACK_FILTERING=off to include these.
