#######################################################################################
### conda added to PATH. Use 'source activate' rather than 'conda activate'.        ###
### Do not run 'conda init' if prompted.                                            ###
### 'conda init' will modify your shell outside of the `module` environment         ###
#######################################################################################
Traceback (most recent call last):
  File "/home/fallah/scripts/ESMB/experiments/control_run.py", line 305, in <module>
    run_control(years=args.years, r_drag=args.r_drag, kappa_gm=args.kappa_gm, kappa_h=args.kappa_h, output_suffix=args.suffix)
  File "/home/fallah/scripts/ESMB/experiments/control_run.py", line 84, in run_control
    state = setup_control_run()
            ^^^^^^^^^^^^^^^^^^^
  File "/home/fallah/scripts/ESMB/experiments/control_run.py", line 33, in setup_control_run
    temp_ic, salt_ic = data.load_initial_conditions(nz=15)
                       ^^^^^^^^^^^^^^^^^^^^^^^^^^^^^^^^^^^
  File "/home/fallah/scripts/ESMB/chronos_esm/data.py", line 122, in load_initial_conditions
    return jnp.array(temp_interp), jnp.array(salt_interp)
           ^^^^^^^^^^^^^^^^^^^^^^
  File "/home/fallah/scripts/ESMB/venv/lib64/python3.11/site-packages/jax/_src/numpy/array_constructors.py", line 286, in array
    out_array: Array = lax._convert_element_type(
                       ^^^^^^^^^^^^^^^^^^^^^^^^^^
  File "/home/fallah/scripts/ESMB/venv/lib64/python3.11/site-packages/jax/_src/lax/lax.py", line 1727, in _convert_element_type
    return convert_element_type_p.bind(
           ^^^^^^^^^^^^^^^^^^^^^^^^^^^^
  File "/home/fallah/scripts/ESMB/venv/lib64/python3.11/site-packages/jax/_src/core.py", line 632, in bind
    return self._true_bind(*args, **params)
           ^^^^^^^^^^^^^^^^^^^^^^^^^^^^^^^^
  File "/home/fallah/scripts/ESMB/venv/lib64/python3.11/site-packages/jax/_src/core.py", line 648, in _true_bind
    return self.bind_with_trace(prev_trace, args, params)
           ^^^^^^^^^^^^^^^^^^^^^^^^^^^^^^^^^^^^^^^^^^^^^^
  File "/home/fallah/scripts/ESMB/venv/lib64/python3.11/site-packages/jax/_src/lax/lax.py", line 5035, in _convert_element_type_bind_with_trace
    operand = core.Primitive.bind_with_trace(convert_element_type_p, trace, args, params)
              ^^^^^^^^^^^^^^^^^^^^^^^^^^^^^^^^^^^^^^^^^^^^^^^^^^^^^^^^^^^^^^^^^^^^^^^^^^^
  File "/home/fallah/scripts/ESMB/venv/lib64/python3.11/site-packages/jax/_src/core.py", line 660, in bind_with_trace
    return trace.process_primitive(self, args, params)
           ^^^^^^^^^^^^^^^^^^^^^^^^^^^^^^^^^^^^^^^^^^^
  File "/home/fallah/scripts/ESMB/venv/lib64/python3.11/site-packages/jax/_src/core.py", line 1189, in process_primitive
    return primitive.impl(*args, **params)
           ^^^^^^^^^^^^^^^^^^^^^^^^^^^^^^^
  File "/home/fallah/scripts/ESMB/venv/lib64/python3.11/site-packages/jax/_src/dispatch.py", line 92, in apply_primitive
    outs = fun(*args)
           ^^^^^^^^^^
RuntimeError: Unknown backend: 'gpu' requested, but no platforms that are instances of gpu are present. Platforms present are: cpu
--------------------
For simplicity, JAX has removed its internal frames from the traceback of the following exception. Set JAX_TRACEBACK_FILTERING=off to include these.
